00000000  48                dec eax
00000001  0900              or [eax],eax
00000003  00FA              add dl,bh
00000005  E470              in al,0x70
00000007  0C80              or al,0x80
00000009  E670              out 0x70,al
0000000B  E492              in al,0x92
0000000D  0C02              or al,0x2
0000000F  E692              out 0x92,al
00000011  8CC8              mov eax,cs
00000013  8ED8              mov ds,eax
00000015  8ED0              mov ss,eax
00000017  8EC0              mov es,eax
00000019  BC007C0F01        mov esp,0x10f7c00
0000001E  16                push ss
0000001F  3C85              cmp al,0x85
00000021  0F011E            lidt [esi]
00000024  42                inc edx
00000025  85C7              test edi,eax
00000027  06                push es
00000028  A87C              test al,0x7c
0000002A  6700C7            add bh,al
0000002D  06                push es
0000002E  AA                stosb
0000002F  7CD0              jl 0x1
00000031  84C6              test dh,al
00000033  06                push es
00000034  AD                lodsd
00000035  7C89              jl 0xffffffc0
00000037  0F20C0            mov eax,cr0
0000003A  660FBAE800        bts ax,0x0
0000003F  0F22C0            mov cr0,eax
00000042  EA477C380066B8    jmp dword 0xb866:0x387c47
00000049  40                inc eax
0000004A  008ED88EC08E      add [esi-0x713f7128],cl
00000050  D066B8            shl byte [esi-0x48],1
00000053  48                dec eax
00000054  000F              add [edi],cl
00000056  00D8              add al,bl
00000058  E9A7830100        jmp dword 0x18404
0000005D  0000              add [eax],al
0000005F  0000              add [eax],al
00000061  0000              add [eax],al
00000063  0000              add [eax],al
00000065  0000              add [eax],al
00000067  0000              add [eax],al
00000069  0000              add [eax],al
0000006B  0000              add [eax],al
0000006D  98                cwde
0000006E  2000              and [eax],al
00000070  0000              add [eax],al
00000072  0000              add [eax],al
00000074  00920000FFFF      add [edx-0x10000],dl
0000007A  0000              add [eax],al
0000007C  00F8              add al,bh
0000007E  CF                iretd
0000007F  00FF              add bh,bh
00000081  FF00              inc dword [eax]
00000083  0000              add [eax],al
00000085  F2CF              repne iretd
00000087  0000              add [eax],al
00000089  0000              add [eax],al
0000008B  0000              add [eax],al
0000008D  F8                clc
0000008E  2000              and [eax],al
00000090  0000              add [eax],al
00000092  0000              add [eax],al
00000094  00F2              add dl,dh
00000096  0000              add [eax],al
00000098  FF                db 0xff
00000099  FF00              inc dword [eax]
0000009B  0000              add [eax],al
0000009D  9ACF00FFFF0000    call dword 0x0:0xffff00cf
000000A4  0092CF000000      add [edx+0xcf],dl
000000AA  0000              add [eax],al
000000AC  0000              add [eax],al
000000AE  0000              add [eax],al
000000B0  0000              add [eax],al
000000B2  0000              add [eax],al
000000B4  0000              add [eax],al
000000B6  0000              add [eax],al
000000B8  0000              add [eax],al
000000BA  0000              add [eax],al
000000BC  0000              add [eax],al
000000BE  0000              add [eax],al
000000C0  0000              add [eax],al
000000C2  0000              add [eax],al
000000C4  0000              add [eax],al
000000C6  0000              add [eax],al
000000C8  0000              add [eax],al
000000CA  0000              add [eax],al
000000CC  0000              add [eax],al
000000CE  0000              add [eax],al
000000D0  0000              add [eax],al
000000D2  0000              add [eax],al
000000D4  0000              add [eax],al
000000D6  0000              add [eax],al
000000D8  0000              add [eax],al
000000DA  0000              add [eax],al
000000DC  0000              add [eax],al
000000DE  0000              add [eax],al
000000E0  0000              add [eax],al
000000E2  0000              add [eax],al
000000E4  0000              add [eax],al
000000E6  0000              add [eax],al
000000E8  0000              add [eax],al
000000EA  0000              add [eax],al
000000EC  0000              add [eax],al
000000EE  0000              add [eax],al
000000F0  0000              add [eax],al
000000F2  0000              add [eax],al
000000F4  0000              add [eax],al
000000F6  0000              add [eax],al
000000F8  0000              add [eax],al
000000FA  0000              add [eax],al
000000FC  0000              add [eax],al
000000FE  0000              add [eax],al
00000100  0000              add [eax],al
00000102  0000              add [eax],al
00000104  0000              add [eax],al
00000106  0000              add [eax],al
00000108  0000              add [eax],al
0000010A  0000              add [eax],al
0000010C  0000              add [eax],al
0000010E  0000              add [eax],al
00000110  0000              add [eax],al
00000112  0000              add [eax],al
00000114  0000              add [eax],al
00000116  0000              add [eax],al
00000118  0000              add [eax],al
0000011A  0000              add [eax],al
0000011C  0000              add [eax],al
0000011E  0000              add [eax],al
00000120  0000              add [eax],al
00000122  0000              add [eax],al
00000124  0000              add [eax],al
00000126  0000              add [eax],al
00000128  0000              add [eax],al
0000012A  0000              add [eax],al
0000012C  0000              add [eax],al
0000012E  0000              add [eax],al
00000130  0000              add [eax],al
00000132  0000              add [eax],al
00000134  0000              add [eax],al
00000136  0000              add [eax],al
00000138  0000              add [eax],al
0000013A  0000              add [eax],al
0000013C  0000              add [eax],al
0000013E  0000              add [eax],al
00000140  0000              add [eax],al
00000142  0000              add [eax],al
00000144  0000              add [eax],al
00000146  0000              add [eax],al
00000148  0000              add [eax],al
0000014A  0000              add [eax],al
0000014C  0000              add [eax],al
0000014E  0000              add [eax],al
00000150  0000              add [eax],al
00000152  0000              add [eax],al
00000154  0000              add [eax],al
00000156  0000              add [eax],al
00000158  0000              add [eax],al
0000015A  0000              add [eax],al
0000015C  0000              add [eax],al
0000015E  0000              add [eax],al
00000160  0000              add [eax],al
00000162  0000              add [eax],al
00000164  0000              add [eax],al
00000166  0000              add [eax],al
00000168  0000              add [eax],al
0000016A  0000              add [eax],al
0000016C  0000              add [eax],al
0000016E  0000              add [eax],al
00000170  0000              add [eax],al
00000172  0000              add [eax],al
00000174  0000              add [eax],al
00000176  0000              add [eax],al
00000178  0000              add [eax],al
0000017A  0000              add [eax],al
0000017C  0000              add [eax],al
0000017E  0000              add [eax],al
00000180  0000              add [eax],al
00000182  0000              add [eax],al
00000184  0000              add [eax],al
00000186  0000              add [eax],al
00000188  0000              add [eax],al
0000018A  0000              add [eax],al
0000018C  0000              add [eax],al
0000018E  0000              add [eax],al
00000190  0000              add [eax],al
00000192  0000              add [eax],al
00000194  0000              add [eax],al
00000196  0000              add [eax],al
00000198  0000              add [eax],al
0000019A  0000              add [eax],al
0000019C  0000              add [eax],al
0000019E  0000              add [eax],al
000001A0  0000              add [eax],al
000001A2  0000              add [eax],al
000001A4  0000              add [eax],al
000001A6  0000              add [eax],al
000001A8  0000              add [eax],al
000001AA  0000              add [eax],al
000001AC  0000              add [eax],al
000001AE  0000              add [eax],al
000001B0  0000              add [eax],al
000001B2  0000              add [eax],al
000001B4  0000              add [eax],al
000001B6  0000              add [eax],al
000001B8  0000              add [eax],al
000001BA  0000              add [eax],al
000001BC  0000              add [eax],al
000001BE  0000              add [eax],al
000001C0  0000              add [eax],al
000001C2  0000              add [eax],al
000001C4  0000              add [eax],al
000001C6  0000              add [eax],al
000001C8  0000              add [eax],al
000001CA  0000              add [eax],al
000001CC  0000              add [eax],al
000001CE  0000              add [eax],al
000001D0  0000              add [eax],al
000001D2  0000              add [eax],al
000001D4  0000              add [eax],al
000001D6  0000              add [eax],al
000001D8  0000              add [eax],al
000001DA  0000              add [eax],al
000001DC  0000              add [eax],al
000001DE  0000              add [eax],al
000001E0  0000              add [eax],al
000001E2  0000              add [eax],al
000001E4  0000              add [eax],al
000001E6  0000              add [eax],al
000001E8  0000              add [eax],al
000001EA  0000              add [eax],al
000001EC  0000              add [eax],al
000001EE  0000              add [eax],al
000001F0  0000              add [eax],al
000001F2  0000              add [eax],al
000001F4  0000              add [eax],al
000001F6  0000              add [eax],al
000001F8  0000              add [eax],al
000001FA  0000              add [eax],al
000001FC  0000              add [eax],al
000001FE  0000              add [eax],al
00000200  0000              add [eax],al
00000202  0000              add [eax],al
00000204  0000              add [eax],al
00000206  0000              add [eax],al
00000208  0000              add [eax],al
0000020A  0000              add [eax],al
0000020C  0000              add [eax],al
0000020E  0000              add [eax],al
00000210  0000              add [eax],al
00000212  0000              add [eax],al
00000214  0000              add [eax],al
00000216  0000              add [eax],al
00000218  0000              add [eax],al
0000021A  0000              add [eax],al
0000021C  0000              add [eax],al
0000021E  0000              add [eax],al
00000220  0000              add [eax],al
00000222  0000              add [eax],al
00000224  0000              add [eax],al
00000226  0000              add [eax],al
00000228  0000              add [eax],al
0000022A  0000              add [eax],al
0000022C  0000              add [eax],al
0000022E  0000              add [eax],al
00000230  0000              add [eax],al
00000232  0000              add [eax],al
00000234  0000              add [eax],al
00000236  0000              add [eax],al
00000238  0000              add [eax],al
0000023A  0000              add [eax],al
0000023C  0000              add [eax],al
0000023E  0000              add [eax],al
00000240  0000              add [eax],al
00000242  0000              add [eax],al
00000244  0000              add [eax],al
00000246  0000              add [eax],al
00000248  0000              add [eax],al
0000024A  0000              add [eax],al
0000024C  0000              add [eax],al
0000024E  0000              add [eax],al
00000250  0000              add [eax],al
00000252  0000              add [eax],al
00000254  0000              add [eax],al
00000256  0000              add [eax],al
00000258  0000              add [eax],al
0000025A  0000              add [eax],al
0000025C  0000              add [eax],al
0000025E  0000              add [eax],al
00000260  0000              add [eax],al
00000262  0000              add [eax],al
00000264  0000              add [eax],al
00000266  0000              add [eax],al
00000268  0000              add [eax],al
0000026A  0000              add [eax],al
0000026C  0000              add [eax],al
0000026E  0000              add [eax],al
00000270  0000              add [eax],al
00000272  0000              add [eax],al
00000274  0000              add [eax],al
00000276  0000              add [eax],al
00000278  0000              add [eax],al
0000027A  0000              add [eax],al
0000027C  0000              add [eax],al
0000027E  0000              add [eax],al
00000280  0000              add [eax],al
00000282  0000              add [eax],al
00000284  0000              add [eax],al
00000286  0000              add [eax],al
00000288  0000              add [eax],al
0000028A  0000              add [eax],al
0000028C  0000              add [eax],al
0000028E  0000              add [eax],al
00000290  0000              add [eax],al
00000292  0000              add [eax],al
00000294  0000              add [eax],al
00000296  0000              add [eax],al
00000298  0000              add [eax],al
0000029A  0000              add [eax],al
0000029C  0000              add [eax],al
0000029E  0000              add [eax],al
000002A0  0000              add [eax],al
000002A2  0000              add [eax],al
000002A4  0000              add [eax],al
000002A6  0000              add [eax],al
000002A8  0000              add [eax],al
000002AA  0000              add [eax],al
000002AC  0000              add [eax],al
000002AE  0000              add [eax],al
000002B0  0000              add [eax],al
000002B2  0000              add [eax],al
000002B4  0000              add [eax],al
000002B6  0000              add [eax],al
000002B8  0000              add [eax],al
000002BA  0000              add [eax],al
000002BC  0000              add [eax],al
000002BE  0000              add [eax],al
000002C0  0000              add [eax],al
000002C2  0000              add [eax],al
000002C4  0000              add [eax],al
000002C6  0000              add [eax],al
000002C8  0000              add [eax],al
000002CA  0000              add [eax],al
000002CC  0000              add [eax],al
000002CE  0000              add [eax],al
000002D0  0000              add [eax],al
000002D2  0000              add [eax],al
000002D4  0000              add [eax],al
000002D6  0000              add [eax],al
000002D8  0000              add [eax],al
000002DA  0000              add [eax],al
000002DC  0000              add [eax],al
000002DE  0000              add [eax],al
000002E0  0000              add [eax],al
000002E2  0000              add [eax],al
000002E4  0000              add [eax],al
000002E6  0000              add [eax],al
000002E8  0000              add [eax],al
000002EA  0000              add [eax],al
000002EC  0000              add [eax],al
000002EE  0000              add [eax],al
000002F0  0000              add [eax],al
000002F2  0000              add [eax],al
000002F4  0000              add [eax],al
000002F6  0000              add [eax],al
000002F8  0000              add [eax],al
000002FA  0000              add [eax],al
000002FC  0000              add [eax],al
000002FE  0000              add [eax],al
00000300  0000              add [eax],al
00000302  0000              add [eax],al
00000304  0000              add [eax],al
00000306  0000              add [eax],al
00000308  0000              add [eax],al
0000030A  0000              add [eax],al
0000030C  0000              add [eax],al
0000030E  0000              add [eax],al
00000310  0000              add [eax],al
00000312  0000              add [eax],al
00000314  0000              add [eax],al
00000316  0000              add [eax],al
00000318  0000              add [eax],al
0000031A  0000              add [eax],al
0000031C  0000              add [eax],al
0000031E  0000              add [eax],al
00000320  0000              add [eax],al
00000322  0000              add [eax],al
00000324  0000              add [eax],al
00000326  0000              add [eax],al
00000328  0000              add [eax],al
0000032A  0000              add [eax],al
0000032C  0000              add [eax],al
0000032E  0000              add [eax],al
00000330  0000              add [eax],al
00000332  0000              add [eax],al
00000334  0000              add [eax],al
00000336  0000              add [eax],al
00000338  0000              add [eax],al
0000033A  0000              add [eax],al
0000033C  0000              add [eax],al
0000033E  0000              add [eax],al
00000340  0000              add [eax],al
00000342  0000              add [eax],al
00000344  0000              add [eax],al
00000346  0000              add [eax],al
00000348  0000              add [eax],al
0000034A  0000              add [eax],al
0000034C  0000              add [eax],al
0000034E  0000              add [eax],al
00000350  0000              add [eax],al
00000352  0000              add [eax],al
00000354  0000              add [eax],al
00000356  0000              add [eax],al
00000358  0000              add [eax],al
0000035A  0000              add [eax],al
0000035C  0000              add [eax],al
0000035E  0000              add [eax],al
00000360  0000              add [eax],al
00000362  0000              add [eax],al
00000364  0000              add [eax],al
00000366  0000              add [eax],al
00000368  0000              add [eax],al
0000036A  0000              add [eax],al
0000036C  0000              add [eax],al
0000036E  0000              add [eax],al
00000370  0000              add [eax],al
00000372  0000              add [eax],al
00000374  0000              add [eax],al
00000376  0000              add [eax],al
00000378  0000              add [eax],al
0000037A  0000              add [eax],al
0000037C  0000              add [eax],al
0000037E  0000              add [eax],al
00000380  0000              add [eax],al
00000382  0000              add [eax],al
00000384  0000              add [eax],al
00000386  0000              add [eax],al
00000388  0000              add [eax],al
0000038A  0000              add [eax],al
0000038C  0000              add [eax],al
0000038E  0000              add [eax],al
00000390  0000              add [eax],al
00000392  0000              add [eax],al
00000394  0000              add [eax],al
00000396  0000              add [eax],al
00000398  0000              add [eax],al
0000039A  0000              add [eax],al
0000039C  0000              add [eax],al
0000039E  0000              add [eax],al
000003A0  0000              add [eax],al
000003A2  0000              add [eax],al
000003A4  0000              add [eax],al
000003A6  0000              add [eax],al
000003A8  0000              add [eax],al
000003AA  0000              add [eax],al
000003AC  0000              add [eax],al
000003AE  0000              add [eax],al
000003B0  0000              add [eax],al
000003B2  0000              add [eax],al
000003B4  0000              add [eax],al
000003B6  0000              add [eax],al
000003B8  0000              add [eax],al
000003BA  0000              add [eax],al
000003BC  0000              add [eax],al
000003BE  0000              add [eax],al
000003C0  0000              add [eax],al
000003C2  0000              add [eax],al
000003C4  0000              add [eax],al
000003C6  0000              add [eax],al
000003C8  0000              add [eax],al
000003CA  0000              add [eax],al
000003CC  0000              add [eax],al
000003CE  0000              add [eax],al
000003D0  0000              add [eax],al
000003D2  0000              add [eax],al
000003D4  0000              add [eax],al
000003D6  0000              add [eax],al
000003D8  0000              add [eax],al
000003DA  0000              add [eax],al
000003DC  0000              add [eax],al
000003DE  0000              add [eax],al
000003E0  0000              add [eax],al
000003E2  0000              add [eax],al
000003E4  0000              add [eax],al
000003E6  0000              add [eax],al
000003E8  0000              add [eax],al
000003EA  0000              add [eax],al
000003EC  0000              add [eax],al
000003EE  0000              add [eax],al
000003F0  0000              add [eax],al
000003F2  0000              add [eax],al
000003F4  0000              add [eax],al
000003F6  0000              add [eax],al
000003F8  0000              add [eax],al
000003FA  0000              add [eax],al
000003FC  0000              add [eax],al
000003FE  0000              add [eax],al
00000400  0000              add [eax],al
00000402  0000              add [eax],al
00000404  0000              add [eax],al
00000406  0000              add [eax],al
00000408  0000              add [eax],al
0000040A  0000              add [eax],al
0000040C  0000              add [eax],al
0000040E  0000              add [eax],al
00000410  0000              add [eax],al
00000412  0000              add [eax],al
00000414  0000              add [eax],al
00000416  0000              add [eax],al
00000418  0000              add [eax],al
0000041A  0000              add [eax],al
0000041C  0000              add [eax],al
0000041E  0000              add [eax],al
00000420  0000              add [eax],al
00000422  0000              add [eax],al
00000424  0000              add [eax],al
00000426  0000              add [eax],al
00000428  0000              add [eax],al
0000042A  0000              add [eax],al
0000042C  0000              add [eax],al
0000042E  0000              add [eax],al
00000430  0000              add [eax],al
00000432  0000              add [eax],al
00000434  0000              add [eax],al
00000436  0000              add [eax],al
00000438  0000              add [eax],al
0000043A  0000              add [eax],al
0000043C  0000              add [eax],al
0000043E  0000              add [eax],al
00000440  0000              add [eax],al
00000442  0000              add [eax],al
00000444  0000              add [eax],al
00000446  0000              add [eax],al
00000448  0000              add [eax],al
0000044A  0000              add [eax],al
0000044C  0000              add [eax],al
0000044E  0000              add [eax],al
00000450  0000              add [eax],al
00000452  0000              add [eax],al
00000454  0000              add [eax],al
00000456  0000              add [eax],al
00000458  0000              add [eax],al
0000045A  0000              add [eax],al
0000045C  0000              add [eax],al
0000045E  0000              add [eax],al
00000460  0000              add [eax],al
00000462  0000              add [eax],al
00000464  0000              add [eax],al
00000466  0000              add [eax],al
00000468  0000              add [eax],al
0000046A  0000              add [eax],al
0000046C  0000              add [eax],al
0000046E  0000              add [eax],al
00000470  0000              add [eax],al
00000472  0000              add [eax],al
00000474  0000              add [eax],al
00000476  0000              add [eax],al
00000478  0000              add [eax],al
0000047A  0000              add [eax],al
0000047C  0000              add [eax],al
0000047E  0000              add [eax],al
00000480  0000              add [eax],al
00000482  0000              add [eax],al
00000484  0000              add [eax],al
00000486  0000              add [eax],al
00000488  0000              add [eax],al
0000048A  0000              add [eax],al
0000048C  0000              add [eax],al
0000048E  0000              add [eax],al
00000490  0000              add [eax],al
00000492  0000              add [eax],al
00000494  0000              add [eax],al
00000496  0000              add [eax],al
00000498  0000              add [eax],al
0000049A  0000              add [eax],al
0000049C  0000              add [eax],al
0000049E  0000              add [eax],al
000004A0  0000              add [eax],al
000004A2  0000              add [eax],al
000004A4  0000              add [eax],al
000004A6  0000              add [eax],al
000004A8  0000              add [eax],al
000004AA  0000              add [eax],al
000004AC  0000              add [eax],al
000004AE  0000              add [eax],al
000004B0  0000              add [eax],al
000004B2  0000              add [eax],al
000004B4  0000              add [eax],al
000004B6  0000              add [eax],al
000004B8  0000              add [eax],al
000004BA  0000              add [eax],al
000004BC  0000              add [eax],al
000004BE  0000              add [eax],al
000004C0  0000              add [eax],al
000004C2  0000              add [eax],al
000004C4  0000              add [eax],al
000004C6  0000              add [eax],al
000004C8  0000              add [eax],al
000004CA  0000              add [eax],al
000004CC  0000              add [eax],al
000004CE  0000              add [eax],al
000004D0  0000              add [eax],al
000004D2  0000              add [eax],al
000004D4  0000              add [eax],al
000004D6  0000              add [eax],al
000004D8  0000              add [eax],al
000004DA  0000              add [eax],al
000004DC  0000              add [eax],al
000004DE  0000              add [eax],al
000004E0  0000              add [eax],al
000004E2  0000              add [eax],al
000004E4  0000              add [eax],al
000004E6  0000              add [eax],al
000004E8  0000              add [eax],al
000004EA  0000              add [eax],al
000004EC  0000              add [eax],al
000004EE  0000              add [eax],al
000004F0  0000              add [eax],al
000004F2  0000              add [eax],al
000004F4  0000              add [eax],al
000004F6  0000              add [eax],al
000004F8  0000              add [eax],al
000004FA  0000              add [eax],al
000004FC  0000              add [eax],al
000004FE  0000              add [eax],al
00000500  0000              add [eax],al
00000502  0000              add [eax],al
00000504  0000              add [eax],al
00000506  0000              add [eax],al
00000508  0000              add [eax],al
0000050A  0000              add [eax],al
0000050C  0000              add [eax],al
0000050E  0000              add [eax],al
00000510  0000              add [eax],al
00000512  0000              add [eax],al
00000514  0000              add [eax],al
00000516  0000              add [eax],al
00000518  0000              add [eax],al
0000051A  0000              add [eax],al
0000051C  0000              add [eax],al
0000051E  0000              add [eax],al
00000520  0000              add [eax],al
00000522  0000              add [eax],al
00000524  0000              add [eax],al
00000526  0000              add [eax],al
00000528  0000              add [eax],al
0000052A  0000              add [eax],al
0000052C  0000              add [eax],al
0000052E  0000              add [eax],al
00000530  0000              add [eax],al
00000532  0000              add [eax],al
00000534  0000              add [eax],al
00000536  0000              add [eax],al
00000538  0000              add [eax],al
0000053A  0000              add [eax],al
0000053C  0000              add [eax],al
0000053E  0000              add [eax],al
00000540  0000              add [eax],al
00000542  0000              add [eax],al
00000544  0000              add [eax],al
00000546  0000              add [eax],al
00000548  0000              add [eax],al
0000054A  0000              add [eax],al
0000054C  0000              add [eax],al
0000054E  0000              add [eax],al
00000550  0000              add [eax],al
00000552  0000              add [eax],al
00000554  0000              add [eax],al
00000556  0000              add [eax],al
00000558  0000              add [eax],al
0000055A  0000              add [eax],al
0000055C  0000              add [eax],al
0000055E  0000              add [eax],al
00000560  0000              add [eax],al
00000562  0000              add [eax],al
00000564  0000              add [eax],al
00000566  0000              add [eax],al
00000568  0000              add [eax],al
0000056A  0000              add [eax],al
0000056C  0000              add [eax],al
0000056E  0000              add [eax],al
00000570  0000              add [eax],al
00000572  0000              add [eax],al
00000574  0000              add [eax],al
00000576  0000              add [eax],al
00000578  0000              add [eax],al
0000057A  0000              add [eax],al
0000057C  0000              add [eax],al
0000057E  0000              add [eax],al
00000580  0000              add [eax],al
00000582  0000              add [eax],al
00000584  0000              add [eax],al
00000586  0000              add [eax],al
00000588  0000              add [eax],al
0000058A  0000              add [eax],al
0000058C  0000              add [eax],al
0000058E  0000              add [eax],al
00000590  0000              add [eax],al
00000592  0000              add [eax],al
00000594  0000              add [eax],al
00000596  0000              add [eax],al
00000598  0000              add [eax],al
0000059A  0000              add [eax],al
0000059C  0000              add [eax],al
0000059E  0000              add [eax],al
000005A0  0000              add [eax],al
000005A2  0000              add [eax],al
000005A4  0000              add [eax],al
000005A6  0000              add [eax],al
000005A8  0000              add [eax],al
000005AA  0000              add [eax],al
000005AC  0000              add [eax],al
000005AE  0000              add [eax],al
000005B0  0000              add [eax],al
000005B2  0000              add [eax],al
000005B4  0000              add [eax],al
000005B6  0000              add [eax],al
000005B8  0000              add [eax],al
000005BA  0000              add [eax],al
000005BC  0000              add [eax],al
000005BE  0000              add [eax],al
000005C0  0000              add [eax],al
000005C2  0000              add [eax],al
000005C4  0000              add [eax],al
000005C6  0000              add [eax],al
000005C8  0000              add [eax],al
000005CA  0000              add [eax],al
000005CC  0000              add [eax],al
000005CE  0000              add [eax],al
000005D0  0000              add [eax],al
000005D2  0000              add [eax],al
000005D4  0000              add [eax],al
000005D6  0000              add [eax],al
000005D8  0000              add [eax],al
000005DA  0000              add [eax],al
000005DC  0000              add [eax],al
000005DE  0000              add [eax],al
000005E0  0000              add [eax],al
000005E2  0000              add [eax],al
000005E4  0000              add [eax],al
000005E6  0000              add [eax],al
000005E8  0000              add [eax],al
000005EA  0000              add [eax],al
000005EC  0000              add [eax],al
000005EE  0000              add [eax],al
000005F0  0000              add [eax],al
000005F2  0000              add [eax],al
000005F4  0000              add [eax],al
000005F6  0000              add [eax],al
000005F8  0000              add [eax],al
000005FA  0000              add [eax],al
000005FC  0000              add [eax],al
000005FE  0000              add [eax],al
00000600  0000              add [eax],al
00000602  0000              add [eax],al
00000604  0000              add [eax],al
00000606  0000              add [eax],al
00000608  0000              add [eax],al
0000060A  0000              add [eax],al
0000060C  0000              add [eax],al
0000060E  0000              add [eax],al
00000610  0000              add [eax],al
00000612  0000              add [eax],al
00000614  0000              add [eax],al
00000616  0000              add [eax],al
00000618  0000              add [eax],al
0000061A  0000              add [eax],al
0000061C  0000              add [eax],al
0000061E  0000              add [eax],al
00000620  0000              add [eax],al
00000622  0000              add [eax],al
00000624  0000              add [eax],al
00000626  0000              add [eax],al
00000628  0000              add [eax],al
0000062A  0000              add [eax],al
0000062C  0000              add [eax],al
0000062E  0000              add [eax],al
00000630  0000              add [eax],al
00000632  0000              add [eax],al
00000634  0000              add [eax],al
00000636  0000              add [eax],al
00000638  0000              add [eax],al
0000063A  0000              add [eax],al
0000063C  0000              add [eax],al
0000063E  0000              add [eax],al
00000640  0000              add [eax],al
00000642  0000              add [eax],al
00000644  0000              add [eax],al
00000646  0000              add [eax],al
00000648  0000              add [eax],al
0000064A  0000              add [eax],al
0000064C  0000              add [eax],al
0000064E  0000              add [eax],al
00000650  0000              add [eax],al
00000652  0000              add [eax],al
00000654  0000              add [eax],al
00000656  0000              add [eax],al
00000658  0000              add [eax],al
0000065A  0000              add [eax],al
0000065C  0000              add [eax],al
0000065E  0000              add [eax],al
00000660  0000              add [eax],al
00000662  0000              add [eax],al
00000664  0000              add [eax],al
00000666  0000              add [eax],al
00000668  0000              add [eax],al
0000066A  0000              add [eax],al
0000066C  0000              add [eax],al
0000066E  0000              add [eax],al
00000670  0000              add [eax],al
00000672  0000              add [eax],al
00000674  0000              add [eax],al
00000676  0000              add [eax],al
00000678  0000              add [eax],al
0000067A  0000              add [eax],al
0000067C  0000              add [eax],al
0000067E  0000              add [eax],al
00000680  0000              add [eax],al
00000682  0000              add [eax],al
00000684  0000              add [eax],al
00000686  0000              add [eax],al
00000688  0000              add [eax],al
0000068A  0000              add [eax],al
0000068C  0000              add [eax],al
0000068E  0000              add [eax],al
00000690  0000              add [eax],al
00000692  0000              add [eax],al
00000694  0000              add [eax],al
00000696  0000              add [eax],al
00000698  0000              add [eax],al
0000069A  0000              add [eax],al
0000069C  0000              add [eax],al
0000069E  0000              add [eax],al
000006A0  0000              add [eax],al
000006A2  0000              add [eax],al
000006A4  0000              add [eax],al
000006A6  0000              add [eax],al
000006A8  0000              add [eax],al
000006AA  0000              add [eax],al
000006AC  0000              add [eax],al
000006AE  0000              add [eax],al
000006B0  0000              add [eax],al
000006B2  0000              add [eax],al
000006B4  0000              add [eax],al
000006B6  0000              add [eax],al
000006B8  0000              add [eax],al
000006BA  0000              add [eax],al
000006BC  0000              add [eax],al
000006BE  0000              add [eax],al
000006C0  0000              add [eax],al
000006C2  0000              add [eax],al
000006C4  0000              add [eax],al
000006C6  0000              add [eax],al
000006C8  0000              add [eax],al
000006CA  0000              add [eax],al
000006CC  0000              add [eax],al
000006CE  0000              add [eax],al
000006D0  0000              add [eax],al
000006D2  0000              add [eax],al
000006D4  0000              add [eax],al
000006D6  0000              add [eax],al
000006D8  0000              add [eax],al
000006DA  0000              add [eax],al
000006DC  0000              add [eax],al
000006DE  0000              add [eax],al
000006E0  0000              add [eax],al
000006E2  0000              add [eax],al
000006E4  0000              add [eax],al
000006E6  0000              add [eax],al
000006E8  0000              add [eax],al
000006EA  0000              add [eax],al
000006EC  0000              add [eax],al
000006EE  0000              add [eax],al
000006F0  0000              add [eax],al
000006F2  0000              add [eax],al
000006F4  0000              add [eax],al
000006F6  0000              add [eax],al
000006F8  0000              add [eax],al
000006FA  0000              add [eax],al
000006FC  0000              add [eax],al
000006FE  0000              add [eax],al
00000700  0000              add [eax],al
00000702  0000              add [eax],al
00000704  0000              add [eax],al
00000706  0000              add [eax],al
00000708  0000              add [eax],al
0000070A  0000              add [eax],al
0000070C  0000              add [eax],al
0000070E  0000              add [eax],al
00000710  0000              add [eax],al
00000712  0000              add [eax],al
00000714  0000              add [eax],al
00000716  0000              add [eax],al
00000718  0000              add [eax],al
0000071A  0000              add [eax],al
0000071C  0000              add [eax],al
0000071E  0000              add [eax],al
00000720  0000              add [eax],al
00000722  0000              add [eax],al
00000724  0000              add [eax],al
00000726  0000              add [eax],al
00000728  0000              add [eax],al
0000072A  0000              add [eax],al
0000072C  0000              add [eax],al
0000072E  0000              add [eax],al
00000730  0000              add [eax],al
00000732  0000              add [eax],al
00000734  0000              add [eax],al
00000736  0000              add [eax],al
00000738  0000              add [eax],al
0000073A  0000              add [eax],al
0000073C  0000              add [eax],al
0000073E  0000              add [eax],al
00000740  0000              add [eax],al
00000742  0000              add [eax],al
00000744  0000              add [eax],al
00000746  0000              add [eax],al
00000748  0000              add [eax],al
0000074A  0000              add [eax],al
0000074C  0000              add [eax],al
0000074E  0000              add [eax],al
00000750  0000              add [eax],al
00000752  0000              add [eax],al
00000754  0000              add [eax],al
00000756  0000              add [eax],al
00000758  0000              add [eax],al
0000075A  0000              add [eax],al
0000075C  0000              add [eax],al
0000075E  0000              add [eax],al
00000760  0000              add [eax],al
00000762  0000              add [eax],al
00000764  0000              add [eax],al
00000766  0000              add [eax],al
00000768  0000              add [eax],al
0000076A  0000              add [eax],al
0000076C  0000              add [eax],al
0000076E  0000              add [eax],al
00000770  0000              add [eax],al
00000772  0000              add [eax],al
00000774  0000              add [eax],al
00000776  0000              add [eax],al
00000778  0000              add [eax],al
0000077A  0000              add [eax],al
0000077C  0000              add [eax],al
0000077E  0000              add [eax],al
00000780  0000              add [eax],al
00000782  0000              add [eax],al
00000784  0000              add [eax],al
00000786  0000              add [eax],al
00000788  0000              add [eax],al
0000078A  0000              add [eax],al
0000078C  0000              add [eax],al
0000078E  0000              add [eax],al
00000790  0000              add [eax],al
00000792  0000              add [eax],al
00000794  0000              add [eax],al
00000796  0000              add [eax],al
00000798  0000              add [eax],al
0000079A  0000              add [eax],al
0000079C  0000              add [eax],al
0000079E  0000              add [eax],al
000007A0  0000              add [eax],al
000007A2  0000              add [eax],al
000007A4  0000              add [eax],al
000007A6  0000              add [eax],al
000007A8  0000              add [eax],al
000007AA  0000              add [eax],al
000007AC  0000              add [eax],al
000007AE  0000              add [eax],al
000007B0  0000              add [eax],al
000007B2  0000              add [eax],al
000007B4  0000              add [eax],al
000007B6  0000              add [eax],al
000007B8  0000              add [eax],al
000007BA  0000              add [eax],al
000007BC  0000              add [eax],al
000007BE  0000              add [eax],al
000007C0  0000              add [eax],al
000007C2  0000              add [eax],al
000007C4  0000              add [eax],al
000007C6  0000              add [eax],al
000007C8  0000              add [eax],al
000007CA  0000              add [eax],al
000007CC  0000              add [eax],al
000007CE  0000              add [eax],al
000007D0  0000              add [eax],al
000007D2  0000              add [eax],al
000007D4  0000              add [eax],al
000007D6  0000              add [eax],al
000007D8  0000              add [eax],al
000007DA  0000              add [eax],al
000007DC  0000              add [eax],al
000007DE  0000              add [eax],al
000007E0  0000              add [eax],al
000007E2  0000              add [eax],al
000007E4  0000              add [eax],al
000007E6  0000              add [eax],al
000007E8  0000              add [eax],al
000007EA  0000              add [eax],al
000007EC  0000              add [eax],al
000007EE  0000              add [eax],al
000007F0  0000              add [eax],al
000007F2  0000              add [eax],al
000007F4  0000              add [eax],al
000007F6  0000              add [eax],al
000007F8  0000              add [eax],al
000007FA  0000              add [eax],al
000007FC  0000              add [eax],al
000007FE  0000              add [eax],al
00000800  0000              add [eax],al
00000802  0000              add [eax],al
00000804  0000              add [eax],al
00000806  0000              add [eax],al
00000808  0000              add [eax],al
0000080A  0000              add [eax],al
0000080C  0000              add [eax],al
0000080E  0000              add [eax],al
00000810  0000              add [eax],al
00000812  0000              add [eax],al
00000814  0000              add [eax],al
00000816  0000              add [eax],al
00000818  0000              add [eax],al
0000081A  0000              add [eax],al
0000081C  0000              add [eax],al
0000081E  0000              add [eax],al
00000820  0000              add [eax],al
00000822  0000              add [eax],al
00000824  0000              add [eax],al
00000826  0000              add [eax],al
00000828  0000              add [eax],al
0000082A  0000              add [eax],al
0000082C  0000              add [eax],al
0000082E  0000              add [eax],al
00000830  0000              add [eax],al
00000832  0000              add [eax],al
00000834  0000              add [eax],al
00000836  0000              add [eax],al
00000838  0000              add [eax],al
0000083A  0000              add [eax],al
0000083C  0000              add [eax],al
0000083E  0000              add [eax],al
00000840  0000              add [eax],al
00000842  0000              add [eax],al
00000844  0000              add [eax],al
00000846  0000              add [eax],al
00000848  0000              add [eax],al
0000084A  0000              add [eax],al
0000084C  0000              add [eax],al
0000084E  0000              add [eax],al
00000850  0000              add [eax],al
00000852  0000              add [eax],al
00000854  0000              add [eax],al
00000856  0000              add [eax],al
00000858  0000              add [eax],al
0000085A  0000              add [eax],al
0000085C  0000              add [eax],al
0000085E  0000              add [eax],al
00000860  0000              add [eax],al
00000862  0000              add [eax],al
00000864  0000              add [eax],al
00000866  0000              add [eax],al
00000868  0000              add [eax],al
0000086A  0000              add [eax],al
0000086C  0000              add [eax],al
0000086E  0000              add [eax],al
00000870  0000              add [eax],al
00000872  0000              add [eax],al
00000874  0000              add [eax],al
00000876  0000              add [eax],al
00000878  0000              add [eax],al
0000087A  0000              add [eax],al
0000087C  0000              add [eax],al
0000087E  0000              add [eax],al
00000880  0000              add [eax],al
00000882  0000              add [eax],al
00000884  0000              add [eax],al
00000886  0000              add [eax],al
00000888  0000              add [eax],al
0000088A  0000              add [eax],al
0000088C  0000              add [eax],al
0000088E  0000              add [eax],al
00000890  0000              add [eax],al
00000892  0000              add [eax],al
00000894  0000              add [eax],al
00000896  0000              add [eax],al
00000898  0000              add [eax],al
0000089A  0000              add [eax],al
0000089C  0000              add [eax],al
0000089E  0000              add [eax],al
000008A0  0000              add [eax],al
000008A2  0000              add [eax],al
000008A4  0000              add [eax],al
000008A6  0000              add [eax],al
000008A8  0000              add [eax],al
000008AA  0000              add [eax],al
000008AC  0000              add [eax],al
000008AE  0000              add [eax],al
000008B0  0000              add [eax],al
000008B2  0000              add [eax],al
000008B4  0000              add [eax],al
000008B6  0000              add [eax],al
000008B8  0000              add [eax],al
000008BA  0000              add [eax],al
000008BC  0000              add [eax],al
000008BE  0000              add [eax],al
000008C0  0000              add [eax],al
000008C2  0000              add [eax],al
000008C4  0000              add [eax],al
000008C6  0000              add [eax],al
000008C8  0000              add [eax],al
000008CA  0000              add [eax],al
000008CC  0000              add [eax],al
000008CE  0000              add [eax],al
000008D0  0000              add [eax],al
000008D2  0000              add [eax],al
000008D4  FF                db 0xff
000008D5  7F00              jg 0x8d7
000008D7  004000            add [eax+0x0],al
000008DA  0000              add [eax],al
000008DC  0000              add [eax],al
000008DE  0000              add [eax],al
000008E0  0000              add [eax],al
000008E2  0000              add [eax],al
000008E4  0000              add [eax],al
000008E6  0000              add [eax],al
000008E8  0000              add [eax],al
000008EA  0000              add [eax],al
000008EC  0000              add [eax],al
000008EE  0000              add [eax],al
000008F0  0000              add [eax],al
000008F2  0000              add [eax],al
000008F4  0000              add [eax],al
000008F6  0000              add [eax],al
000008F8  0000              add [eax],al
000008FA  0000              add [eax],al
000008FC  0000              add [eax],al
000008FE  0000              add [eax],al
00000900  0000              add [eax],al
00000902  0000              add [eax],al
00000904  0000              add [eax],al
00000906  0000              add [eax],al
00000908  0000              add [eax],al
0000090A  0000              add [eax],al
0000090C  0000              add [eax],al
0000090E  0000              add [eax],al
00000910  0000              add [eax],al
00000912  0000              add [eax],al
00000914  0000              add [eax],al
00000916  0000              add [eax],al
00000918  0000              add [eax],al
0000091A  0000              add [eax],al
0000091C  0000              add [eax],al
0000091E  0000              add [eax],al
00000920  0000              add [eax],al
00000922  0000              add [eax],al
00000924  0000              add [eax],al
00000926  0000              add [eax],al
00000928  0000              add [eax],al
0000092A  0000              add [eax],al
0000092C  0000              add [eax],al
0000092E  0000              add [eax],al
00000930  0000              add [eax],al
00000932  0000              add [eax],al
00000934  0000              add [eax],al
00000936  0000              add [eax],al
00000938  0000              add [eax],al
0000093A  0000              add [eax],al
0000093C  6F                outsd
0000093D  00607C            add [eax+0x7c],ah
00000940  0000              add [eax],al
00000942  FF07              inc dword [edi]
00000944  D07C0000          sar byte [eax+eax+0x0],1
